[debug] [2025-05-09T09:36:21.792Z] ----------------------------------------------------------------------
[debug] [2025-05-09T09:36:21.794Z] Command:       C:\Program Files\nodejs\node.exe C:\Users\popyg\AppData\Roaming\npm\node_modules\firebase-tools\lib\bin\firebase.js init hosting
[debug] [2025-05-09T09:36:21.795Z] CLI Version:   14.3.0
[debug] [2025-05-09T09:36:21.795Z] Platform:      win32
[debug] [2025-05-09T09:36:21.795Z] Node Version:  v22.15.0
[debug] [2025-05-09T09:36:21.796Z] Time:          Fri May 09 2025 11:36:21 GMT+0200 (hora de verano de Europa central)
[debug] [2025-05-09T09:36:21.796Z] ----------------------------------------------------------------------
[debug] 
[debug] [2025-05-09T09:36:21.801Z] > command requires scopes: ["email","openid","https://www.googleapis.com/auth/cloudplatformprojects.readonly","https://www.googleapis.com/auth/firebase","https://www.googleapis.com/auth/cloud-platform"]
[debug] [2025-05-09T09:36:21.802Z] > authorizing via signed-in user (pedrojose.llamas@gmail.com)
[info] 
     ######## #### ########  ######## ########     ###     ######  ########
     ##        ##  ##     ## ##       ##     ##  ##   ##  ##       ##
     ######    ##  ########  ######   ########  #########  ######  ######
     ##        ##  ##    ##  ##       ##     ## ##     ##       ## ##
     ##       #### ##     ## ######## ########  ##     ##  ######  ########

You're about to initialize a Firebase project in this directory:

  C:\Users\popyg\OneDrive\Escritorio\AGROMULPAGINA

[info] 
=== Project Setup
[info] 
[info] First, let's associate this project directory with a Firebase project.
[info] You can create multiple project aliases by running firebase use --add, 
[info] but for now we'll just set up a default project.
[info] 
[info] i  If you want to create a project in a Google Cloud organization or folder, please use "firebase projects:create" instead, and return to this command when you've created the project. 
[debug] [2025-05-09T09:36:55.694Z] Checked if tokens are valid: true, expires at: 1746786216394
[debug] [2025-05-09T09:36:55.694Z] Checked if tokens are valid: true, expires at: 1746786216394
[debug] [2025-05-09T09:36:55.695Z] >>> [apiv2][query] POST https://cloudresourcemanager.googleapis.com/v1/projects [none]
[debug] [2025-05-09T09:36:55.695Z] >>> [apiv2][body] POST https://cloudresourcemanager.googleapis.com/v1/projects {"projectId":"agromul-web","name":"agromul-web"}
[debug] [2025-05-09T09:36:56.462Z] <<< [apiv2][status] POST https://cloudresourcemanager.googleapis.com/v1/projects 409
[debug] [2025-05-09T09:36:56.463Z] <<< [apiv2][body] POST https://cloudresourcemanager.googleapis.com/v1/projects {"error":{"code":409,"message":"Requested entity already exists","status":"ALREADY_EXISTS"}}
[debug] [2025-05-09T09:36:56.582Z] FirebaseError: Request to https://cloudresourcemanager.googleapis.com/v1/projects had HTTP Error: 409, Requested entity already exists
    at responseToError (C:\Users\popyg\AppData\Roaming\npm\node_modules\firebase-tools\lib\responseToError.js:52:12)
    at RetryOperation._fn (C:\Users\popyg\AppData\Roaming\npm\node_modules\firebase-tools\lib\apiv2.js:312:77)
    at process.processTicksAndRejections (node:internal/process/task_queues:105:5)
[error] 
[error] Error: Failed to create project because there is already a project with ID agromul-web. Please try again with a unique project ID.
[debug] [2025-05-09T09:37:14.765Z] ----------------------------------------------------------------------
[debug] [2025-05-09T09:37:14.767Z] Command:       C:\Program Files\nodejs\node.exe C:\Users\popyg\AppData\Roaming\npm\node_modules\firebase-tools\lib\bin\firebase.js init hosting
[debug] [2025-05-09T09:37:14.768Z] CLI Version:   14.3.0
[debug] [2025-05-09T09:37:14.768Z] Platform:      win32
[debug] [2025-05-09T09:37:14.768Z] Node Version:  v22.15.0
[debug] [2025-05-09T09:37:14.769Z] Time:          Fri May 09 2025 11:37:14 GMT+0200 (hora de verano de Europa central)
[debug] [2025-05-09T09:37:14.769Z] ----------------------------------------------------------------------
[debug] 
[debug] [2025-05-09T09:37:14.774Z] > command requires scopes: ["email","openid","https://www.googleapis.com/auth/cloudplatformprojects.readonly","https://www.googleapis.com/auth/firebase","https://www.googleapis.com/auth/cloud-platform"]
[debug] [2025-05-09T09:37:14.774Z] > authorizing via signed-in user (pedrojose.llamas@gmail.com)
[info] 
     ######## #### ########  ######## ########     ###     ######  ########
     ##        ##  ##     ## ##       ##     ##  ##   ##  ##       ##
     ######    ##  ########  ######   ########  #########  ######  ######
     ##        ##  ##    ##  ##       ##     ## ##     ##       ## ##
     ##       #### ##     ## ######## ########  ##     ##  ######  ########

You're about to initialize a Firebase project in this directory:

  C:\Users\popyg\OneDrive\Escritorio\AGROMULPAGINA

[info] 
=== Project Setup
[info] 
[info] First, let's associate this project directory with a Firebase project.
[info] You can create multiple project aliases by running firebase use --add, 
[info] but for now we'll just set up a default project.
[info] 
[info] i  If you want to create a project in a Google Cloud organization or folder, please use "firebase projects:create" instead, and return to this command when you've created the project. 
[debug] [2025-05-09T09:37:29.597Z] Checked if tokens are valid: true, expires at: 1746786216394
[debug] [2025-05-09T09:37:29.597Z] Checked if tokens are valid: true, expires at: 1746786216394
[debug] [2025-05-09T09:37:29.598Z] >>> [apiv2][query] POST https://cloudresourcemanager.googleapis.com/v1/projects [none]
[debug] [2025-05-09T09:37:29.598Z] >>> [apiv2][body] POST https://cloudresourcemanager.googleapis.com/v1/projects {"projectId":"agromulweb","name":"agromulweb"}
[debug] [2025-05-09T09:37:30.404Z] <<< [apiv2][status] POST https://cloudresourcemanager.googleapis.com/v1/projects 200
[debug] [2025-05-09T09:37:30.404Z] <<< [apiv2][body] POST https://cloudresourcemanager.googleapis.com/v1/projects {"name":"operations/create_project.global.6905539143330851578"}
[debug] [2025-05-09T09:37:30.405Z] Checked if tokens are valid: true, expires at: 1746786216394
[debug] [2025-05-09T09:37:30.405Z] Checked if tokens are valid: true, expires at: 1746786216394
[debug] [2025-05-09T09:37:30.405Z] >>> [apiv2][query] GET https://cloudresourcemanager.googleapis.com/v1/operations/create_project.global.6905539143330851578 [none]
[debug] [2025-05-09T09:37:31.027Z] <<< [apiv2][status] GET https://cloudresourcemanager.googleapis.com/v1/operations/create_project.global.6905539143330851578 200
[debug] [2025-05-09T09:37:31.027Z] <<< [apiv2][body] GET https://cloudresourcemanager.googleapis.com/v1/operations/create_project.global.6905539143330851578 {"name":"operations/create_project.global.6905539143330851578"}
[debug] [2025-05-09T09:37:31.540Z] [Project Creation Poller] Retrying task index 0
[debug] [2025-05-09T09:37:31.542Z] Checked if tokens are valid: true, expires at: 1746786216394
[debug] [2025-05-09T09:37:31.542Z] Checked if tokens are valid: true, expires at: 1746786216394
[debug] [2025-05-09T09:37:31.543Z] >>> [apiv2][query] GET https://cloudresourcemanager.googleapis.com/v1/operations/create_project.global.6905539143330851578 [none]
[debug] [2025-05-09T09:37:31.724Z] <<< [apiv2][status] GET https://cloudresourcemanager.googleapis.com/v1/operations/create_project.global.6905539143330851578 200
[debug] [2025-05-09T09:37:31.724Z] <<< [apiv2][body] GET https://cloudresourcemanager.googleapis.com/v1/operations/create_project.global.6905539143330851578 {"name":"operations/create_project.global.6905539143330851578"}
[debug] [2025-05-09T09:37:32.736Z] [Project Creation Poller] Retrying task index 0
[debug] [2025-05-09T09:37:32.738Z] Checked if tokens are valid: true, expires at: 1746786216394
[debug] [2025-05-09T09:37:32.738Z] Checked if tokens are valid: true, expires at: 1746786216394
[debug] [2025-05-09T09:37:32.738Z] >>> [apiv2][query] GET https://cloudresourcemanager.googleapis.com/v1/operations/create_project.global.6905539143330851578 [none]
[debug] [2025-05-09T09:37:32.891Z] <<< [apiv2][status] GET https://cloudresourcemanager.googleapis.com/v1/operations/create_project.global.6905539143330851578 200
[debug] [2025-05-09T09:37:32.892Z] <<< [apiv2][body] GET https://cloudresourcemanager.googleapis.com/v1/operations/create_project.global.6905539143330851578 {"name":"operations/create_project.global.6905539143330851578","metadata":{"@type":"type.googleapis.com/google.cloudresourcemanager.v1.ProjectCreationStatus","gettable":true,"ready":true},"done":true,"response":{"@type":"type.googleapis.com/google.cloudresourcemanager.v1.Project","projectNumber":"709682800890","projectId":"agromulweb","lifecycleState":"ACTIVE","name":"agromulweb","createTime":"2025-05-09T09:37:32.021012Z"}}
[debug] [2025-05-09T09:37:32.893Z] Checked if tokens are valid: true, expires at: 1746786216394
[debug] [2025-05-09T09:37:32.894Z] Checked if tokens are valid: true, expires at: 1746786216394
[debug] [2025-05-09T09:37:32.894Z] >>> [apiv2][query] POST https://firebase.googleapis.com/v1beta1/projects/agromulweb:addFirebase [none]
[debug] [2025-05-09T09:37:36.682Z] <<< [apiv2][status] POST https://firebase.googleapis.com/v1beta1/projects/agromulweb:addFirebase 200
[debug] [2025-05-09T09:37:36.682Z] <<< [apiv2][body] POST https://firebase.googleapis.com/v1beta1/projects/agromulweb:addFirebase {"name":"operations/workflows/N2RjN2JlYjgtNWY5Ni00ODIwLTkxMzctMmRmOGQ5MDM3M2Ew"}
[debug] [2025-05-09T09:37:36.683Z] Checked if tokens are valid: true, expires at: 1746786216394
[debug] [2025-05-09T09:37:36.683Z] Checked if tokens are valid: true, expires at: 1746786216394
[debug] [2025-05-09T09:37:36.683Z] >>> [apiv2][query] GET https://firebase.googleapis.com/v1beta1/operations/workflows/N2RjN2JlYjgtNWY5Ni00ODIwLTkxMzctMmRmOGQ5MDM3M2Ew [none]
[debug] [2025-05-09T09:37:39.677Z] <<< [apiv2][status] GET https://firebase.googleapis.com/v1beta1/operations/workflows/N2RjN2JlYjgtNWY5Ni00ODIwLTkxMzctMmRmOGQ5MDM3M2Ew 200
[debug] [2025-05-09T09:37:39.678Z] <<< [apiv2][body] GET https://firebase.googleapis.com/v1beta1/operations/workflows/N2RjN2JlYjgtNWY5Ni00ODIwLTkxMzctMmRmOGQ5MDM3M2Ew {"name":"operations/workflows/N2RjN2JlYjgtNWY5Ni00ODIwLTkxMzctMmRmOGQ5MDM3M2Ew"}
[debug] [2025-05-09T09:37:40.179Z] [Add Firebase Poller] Retrying task index 0
[debug] [2025-05-09T09:37:40.180Z] Checked if tokens are valid: true, expires at: 1746786216394
[debug] [2025-05-09T09:37:40.180Z] Checked if tokens are valid: true, expires at: 1746786216394
[debug] [2025-05-09T09:37:40.181Z] >>> [apiv2][query] GET https://firebase.googleapis.com/v1beta1/operations/workflows/N2RjN2JlYjgtNWY5Ni00ODIwLTkxMzctMmRmOGQ5MDM3M2Ew [none]
[debug] [2025-05-09T09:37:40.722Z] <<< [apiv2][status] GET https://firebase.googleapis.com/v1beta1/operations/workflows/N2RjN2JlYjgtNWY5Ni00ODIwLTkxMzctMmRmOGQ5MDM3M2Ew 200
[debug] [2025-05-09T09:37:40.723Z] <<< [apiv2][body] GET https://firebase.googleapis.com/v1beta1/operations/workflows/N2RjN2JlYjgtNWY5Ni00ODIwLTkxMzctMmRmOGQ5MDM3M2Ew {"name":"operations/workflows/N2RjN2JlYjgtNWY5Ni00ODIwLTkxMzctMmRmOGQ5MDM3M2Ew"}
[debug] [2025-05-09T09:37:41.734Z] [Add Firebase Poller] Retrying task index 0
[debug] [2025-05-09T09:37:41.735Z] Checked if tokens are valid: true, expires at: 1746786216394
[debug] [2025-05-09T09:37:41.735Z] Checked if tokens are valid: true, expires at: 1746786216394
[debug] [2025-05-09T09:37:41.736Z] >>> [apiv2][query] GET https://firebase.googleapis.com/v1beta1/operations/workflows/N2RjN2JlYjgtNWY5Ni00ODIwLTkxMzctMmRmOGQ5MDM3M2Ew [none]
[debug] [2025-05-09T09:37:42.427Z] <<< [apiv2][status] GET https://firebase.googleapis.com/v1beta1/operations/workflows/N2RjN2JlYjgtNWY5Ni00ODIwLTkxMzctMmRmOGQ5MDM3M2Ew 200
[debug] [2025-05-09T09:37:42.427Z] <<< [apiv2][body] GET https://firebase.googleapis.com/v1beta1/operations/workflows/N2RjN2JlYjgtNWY5Ni00ODIwLTkxMzctMmRmOGQ5MDM3M2Ew {"name":"operations/workflows/N2RjN2JlYjgtNWY5Ni00ODIwLTkxMzctMmRmOGQ5MDM3M2Ew"}
[debug] [2025-05-09T09:37:44.440Z] [Add Firebase Poller] Retrying task index 0
[debug] [2025-05-09T09:37:44.441Z] Checked if tokens are valid: true, expires at: 1746786216394
[debug] [2025-05-09T09:37:44.441Z] Checked if tokens are valid: true, expires at: 1746786216394
[debug] [2025-05-09T09:37:44.441Z] >>> [apiv2][query] GET https://firebase.googleapis.com/v1beta1/operations/workflows/N2RjN2JlYjgtNWY5Ni00ODIwLTkxMzctMmRmOGQ5MDM3M2Ew [none]
[debug] [2025-05-09T09:37:45.285Z] <<< [apiv2][status] GET https://firebase.googleapis.com/v1beta1/operations/workflows/N2RjN2JlYjgtNWY5Ni00ODIwLTkxMzctMmRmOGQ5MDM3M2Ew 200
[debug] [2025-05-09T09:37:45.285Z] <<< [apiv2][body] GET https://firebase.googleapis.com/v1beta1/operations/workflows/N2RjN2JlYjgtNWY5Ni00ODIwLTkxMzctMmRmOGQ5MDM3M2Ew {"name":"operations/workflows/N2RjN2JlYjgtNWY5Ni00ODIwLTkxMzctMmRmOGQ5MDM3M2Ew"}
[debug] [2025-05-09T09:37:49.300Z] [Add Firebase Poller] Retrying task index 0
[debug] [2025-05-09T09:37:49.300Z] Checked if tokens are valid: true, expires at: 1746786216394
[debug] [2025-05-09T09:37:49.300Z] Checked if tokens are valid: true, expires at: 1746786216394
[debug] [2025-05-09T09:37:49.300Z] >>> [apiv2][query] GET https://firebase.googleapis.com/v1beta1/operations/workflows/N2RjN2JlYjgtNWY5Ni00ODIwLTkxMzctMmRmOGQ5MDM3M2Ew [none]
[debug] [2025-05-09T09:37:49.808Z] <<< [apiv2][status] GET https://firebase.googleapis.com/v1beta1/operations/workflows/N2RjN2JlYjgtNWY5Ni00ODIwLTkxMzctMmRmOGQ5MDM3M2Ew 200
[debug] [2025-05-09T09:37:49.809Z] <<< [apiv2][body] GET https://firebase.googleapis.com/v1beta1/operations/workflows/N2RjN2JlYjgtNWY5Ni00ODIwLTkxMzctMmRmOGQ5MDM3M2Ew {"name":"operations/workflows/N2RjN2JlYjgtNWY5Ni00ODIwLTkxMzctMmRmOGQ5MDM3M2Ew","done":true,"response":{"@type":"type.googleapis.com/google.firebase.service.v1beta1.FirebaseProject","projectId":"agromulweb","projectNumber":"709682800890","displayName":"agromulweb","name":"projects/agromulweb","resources":{"hostingSite":"agromulweb"}}}
[info] 
[info] === Your Firebase project is ready! ===
[info] 
[info] Project information:
[info]    - Project ID: agromulweb
[info]    - Project Name: agromulweb
[info] 
[info] Firebase console is available at
[info] https://console.firebase.google.com/project/agromulweb/overview
[info] i  Using project agromulweb (agromulweb) 
[info] 
=== Hosting Setup
[debug] [2025-05-09T09:37:49.816Z] Checked if tokens are valid: true, expires at: 1746786216394
[debug] [2025-05-09T09:37:49.816Z] Checked if tokens are valid: true, expires at: 1746786216394
[debug] [2025-05-09T09:37:49.817Z] >>> [apiv2][query] GET https://firebase.googleapis.com/v1beta1/projects/agromulweb [none]
[debug] [2025-05-09T09:37:50.814Z] <<< [apiv2][status] GET https://firebase.googleapis.com/v1beta1/projects/agromulweb 200
[debug] [2025-05-09T09:37:50.814Z] <<< [apiv2][body] GET https://firebase.googleapis.com/v1beta1/projects/agromulweb {"projectId":"agromulweb","projectNumber":"709682800890","displayName":"agromulweb","name":"projects/agromulweb","resources":{"hostingSite":"agromulweb"},"state":"ACTIVE","etag":"1_5ca32325-06e4-4ec7-800c-79c30f7dda3c"}
[info] 
[info] Your public directory is the folder (relative to your project directory) that
[info] will contain Hosting assets to be uploaded with firebase deploy. If you
[info] have a build process for your assets, use your build's output directory.
[info] 
[debug] [2025-05-09T09:38:40.231Z] >>> [apiv2][query] GET https://www.gstatic.com/firebasejs/releases.json [none]
[debug] [2025-05-09T09:38:40.337Z] <<< [apiv2][status] GET https://www.gstatic.com/firebasejs/releases.json 200
[debug] [2025-05-09T09:38:40.337Z] <<< [apiv2][body] GET https://www.gstatic.com/firebasejs/releases.json {"current":{"version":"11.7.1","browserURL":"https://www.gstatic.com/firebasejs/11.7.1/firebase.js","packageURL":"https://www.gstatic.com/firebasejs/11.7.1/firebase.tgz"},"live":{"version":"11.7","browserURL":"https://www.gstatic.com/firebasejs/live/11.7/firebase.js","packageURL":"https://www.gstatic.com/firebasejs/live/11.7/firebase.tgz"},"components":{"analytics":"https://www.gstatic.com/firebasejs/11.7.1/firebase-analytics.js","app":"https://www.gstatic.com/firebasejs/11.7.1/firebase-app.js","app-check":"https://www.gstatic.com/firebasejs/11.7.1/firebase-app-check.js","auth":"https://www.gstatic.com/firebasejs/11.7.1/firebase-auth.js","auth/cordova":"https://www.gstatic.com/firebasejs/11.7.1/firebase-auth/cordova.js","auth/web-extension":"https://www.gstatic.com/firebasejs/11.7.1/firebase-auth/web-extension.js","functions":"https://www.gstatic.com/firebasejs/11.7.1/firebase-functions.js","firestore":"https://www.gstatic.com/firebasejs/11.7.1/firebase-firestore.js","firestore/lite":"https://www.gstatic.com/firebasejs/11.7.1/firebase-firestore/lite.js","installations":"https://www.gstatic.com/firebasejs/11.7.1/firebase-installations.js","storage":"https://www.gstatic.com/firebasejs/11.7.1/firebase-storage.js","performance":"https://www.gstatic.com/firebasejs/11.7.1/firebase-performance.js","remote-config":"https://www.gstatic.com/firebasejs/11.7.1/firebase-remote-config.js","messaging":"https://www.gstatic.com/firebasejs/11.7.1/firebase-messaging.js","messaging/sw":"https://www.gstatic.com/firebasejs/11.7.1/firebase-messaging/sw.js","database":"https://www.gstatic.com/firebasejs/11.7.1/firebase-database.js","vertexai":"https://www.gstatic.com/firebasejs/11.7.1/firebase-vertexai.js","data-connect":"https://www.gstatic.com/firebasejs/11.7.1/firebase-data-connect.js","firestore.memory":"https://www.gstatic.com/firebasejs/11.7.1/firebase-firestore.memory.js"}}
[info] i  Skipping write of C:\Users\popyg\OneDrive\Escritorio\AGROMULPAGINA/index.html 
[info] 
[info] i  Detected a .git folder at C:\Users\popyg\OneDrive\Escritorio\AGROMULPAGINA 
[info] i  Authorizing with GitHub to upload your service account to a GitHub repository's secrets store. 
[info] 
[info] Visit this URL on this device to log in:
[info] https://github.com/login/oauth/authorize?client_id=89cf50f02ac6aaed3484&state=896976218&redirect_uri=http%3A%2F%2Flocalhost%3A9005&scope=read%3Auser%20repo%20public_repo
[info] 
[info] Waiting for authentication...
[debug] [2025-05-09T09:38:50.787Z] >>> [apiv2][query] POST https://github.com/login/oauth/access_token [none]
[debug] [2025-05-09T09:38:50.788Z] >>> [apiv2][body] POST https://github.com/login/oauth/access_token [stream]
[debug] [2025-05-09T09:38:51.134Z] <<< [apiv2][status] POST https://github.com/login/oauth/access_token 200
[debug] [2025-05-09T09:38:51.134Z] <<< [apiv2][body] POST https://github.com/login/oauth/access_token {"access_token":"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","token_type":"bearer","scope":"read:user,repo"}
[debug] [2025-05-09T09:38:51.144Z] >>> [apiv2][query] GET https://api.github.com/user [none]
[debug] [2025-05-09T09:38:51.559Z] <<< [apiv2][status] GET https://api.github.com/user 200
[debug] [2025-05-09T09:38:51.560Z] <<< [apiv2][body] GET https://api.github.com/user {"login":"pedroj86","id":208008457,"node_id":"U_kgDODGX1CQ","avatar_url":"https://avatars.githubusercontent.com/u/208008457?v=4","gravatar_id":"","url":"https://api.github.com/users/pedroj86","html_url":"https://github.com/pedroj86","followers_url":"https://api.github.com/users/pedroj86/followers","following_url":"https://api.github.com/users/pedroj86/following{/other_user}","gists_url":"https://api.github.com/users/pedroj86/gists{/gist_id}","starred_url":"https://api.github.com/users/pedroj86/starred{/owner}{/repo}","subscriptions_url":"https://api.github.com/users/pedroj86/subscriptions","organizations_url":"https://api.github.com/users/pedroj86/orgs","repos_url":"https://api.github.com/users/pedroj86/repos","events_url":"https://api.github.com/users/pedroj86/events{/privacy}","received_events_url":"https://api.github.com/users/pedroj86/received_events","type":"User","user_view_type":"private","site_admin":false,"name":null,"company":null,"blog":"","location":null,"email":null,"hireable":null,"bio":null,"twitter_username":null,"notification_email":null,"public_repos":2,"public_gists":0,"followers":0,"following":0,"created_at":"2025-04-17T10:29:38Z","updated_at":"2025-05-08T22:06:28Z","private_gists":0,"total_private_repos":0,"owned_private_repos":0,"disk_usage":3735,"collaborators":0,"two_factor_authentication":false,"plan":{"name":"free","space":976562499,"collaborators":0,"private_repos":10000}}
[info] 
[info] +  Success! Logged into GitHub as pedroj86 
[info] 
[debug] [2025-05-09T09:39:10.608Z] >>> [apiv2][query] GET https://api.github.com/repos/pedroj86/agromul-web/actions/secrets/public-key type=owner
[debug] [2025-05-09T09:39:10.897Z] <<< [apiv2][status] GET https://api.github.com/repos/pedroj86/agromul-web/actions/secrets/public-key 404
[debug] [2025-05-09T09:39:10.897Z] <<< [apiv2][body] GET https://api.github.com/repos/pedroj86/agromul-web/actions/secrets/public-key {"message":"Not Found","documentation_url":"https://docs.github.com/rest/actions/secrets#get-a-repository-public-key","status":"404"}
[info] 
[info] 
[error] !  The provided authorization cannot be used with this repository. If this repository is in an organization, did you remember to grant access? 
[info] 
[info] i  Action required: Visit this URL to ensure access has been granted to the appropriate organization(s) for the Firebase CLI GitHub OAuth App: 
[info] https://github.com/settings/connections/applications/89cf50f02ac6aaed3484
[info] 
[debug] [2025-05-09T09:39:19.371Z] >>> [apiv2][query] GET https://api.github.com/repos/pedroj86/agromulweb/actions/secrets/public-key type=owner
[debug] [2025-05-09T09:39:19.643Z] <<< [apiv2][status] GET https://api.github.com/repos/pedroj86/agromulweb/actions/secrets/public-key 404
[debug] [2025-05-09T09:39:19.643Z] <<< [apiv2][body] GET https://api.github.com/repos/pedroj86/agromulweb/actions/secrets/public-key {"message":"Not Found","documentation_url":"https://docs.github.com/rest/actions/secrets#get-a-repository-public-key","status":"404"}
[info] 
[info] 
[error] !  The provided authorization cannot be used with this repository. If this repository is in an organization, did you remember to grant access? 
[info] 
[info] i  Action required: Visit this URL to ensure access has been granted to the appropriate organization(s) for the Firebase CLI GitHub OAuth App: 
[info] https://github.com/settings/connections/applications/89cf50f02ac6aaed3484
[info] 
